 ACCALL - Accessibility calculations
 MAX RESIDUES     8000
 MAX ATOMS/RES     100
 PDB FILE INPUT this_protein.pdb
 PROBE SIZE       1.40
 Z-SLICE WIDTH   0.001
 VDW RADII FILE vdw.radii_jennifer
 EXCL HETATOMS
 INCL HYDROGENS
 EXCL WATERS
 READVDW  31 residues input
 NON-STANDARD atom.| H1 | in residue> MET     1 
 GUESSED vdw of  H1  in MET     1  =  1.10
 NON-STANDARD atom.| H2 | in residue> MET     1 
 GUESSED vdw of  H2  in MET     1  =  1.10
 NON-STANDARD atom.| H3 | in residue> MET     1 
 GUESSED vdw of  H3  in MET     1  =  1.10
 NON-STANDARD atom.| HA | in residue> MET     1 
 ASSUMED vdw of  HA  in MET     1  =  1.10 (same as ALA)
 NON-STANDARD atom.| HG2| in residue> MET     1 
 ASSUMED vdw of  HG2 in MET     1  =  1.10 (same as ARG)
 NON-STANDARD atom.| HE1| in residue> MET     1 
 ASSUMED vdw of  HE1 in MET     1  =  1.10 (same as HIS)
 NON-STANDARD atom.| HE3| in residue> MET     1 
 ASSUMED vdw of  HE3 in MET     1  =  1.10 (same as LYS)
 ADDED VDW RADII
 CHAINS       1
 RESIDUES   280
 ATOMS     4447
 SOLVA: PROGRAM ENDS CORRECTLY
 CALCULATED ATOMIC ACCESSIBILITES
 RELATIVE (STANDARD) ACCESSIBILITIES READFOR  20 AMINO ACIDS
 SUMMED ACCESSIBILITIES OVER RESIDUES
